{
"contracts\\GkToken.sol":{"l":{"24":3,"25":3,"26":3,"27":3,"28":3,"35":3,"39":2,"40":2,"41":2,"42":2,"49":5,"50":5,"51":5,"59":5,"63":5,"67":3,"68":3,"69":3,"70":3,"71":3},"path":"C:\\Users\\germa\\Documents\\Respositories\\blockchain\\smart-contract\\GkCoin\\contracts\\GkToken.sol","s":{"1":3,"2":3,"3":3,"4":3,"5":3,"6":3,"7":2,"8":2,"9":2,"10":2,"11":5,"12":5,"13":5,"14":5,"15":5,"16":3,"17":3,"18":3,"19":3,"20":3},"b":{"1":[2,1],"2":[5,0],"3":[3,2]},"f":{"1":3,"2":3,"3":5,"4":5},"fnMap":{"1":{"name":"constructor","line":23,"loc":{"start":{"line":23,"column":4},"end":{"line":29,"column":4}}},"2":{"name":"transfer","line":31,"loc":{"start":{"line":31,"column":4},"end":{"line":43,"column":4}}},"3":{"name":"approve","line":45,"loc":{"start":{"line":45,"column":4},"end":{"line":52,"column":4}}},"4":{"name":"transferFrom","line":54,"loc":{"start":{"line":54,"column":4},"end":{"line":72,"column":4}}}},"statementMap":{"1":{"start":{"line":24,"column":8},"end":{"line":24,"column":24}},"2":{"start":{"line":25,"column":8},"end":{"line":25,"column":20}},"3":{"start":{"line":26,"column":8},"end":{"line":26,"column":19}},"4":{"start":{"line":27,"column":8},"end":{"line":27,"column":58}},"5":{"start":{"line":28,"column":8},"end":{"line":28,"column":42}},"6":{"start":{"line":35,"column":8},"end":{"line":35,"column":911}},"7":{"start":{"line":39,"column":8},"end":{"line":39,"column":38}},"8":{"start":{"line":40,"column":8},"end":{"line":40,"column":31}},"9":{"start":{"line":41,"column":8},"end":{"line":41,"column":46}},"10":{"start":{"line":42,"column":8},"end":{"line":42,"column":19}},"11":{"start":{"line":49,"column":8},"end":{"line":49,"column":47}},"12":{"start":{"line":50,"column":8},"end":{"line":50,"column":51}},"13":{"start":{"line":51,"column":8},"end":{"line":51,"column":19}},"14":{"start":{"line":59,"column":8},"end":{"line":59,"column":1551}},"15":{"start":{"line":63,"column":8},"end":{"line":63,"column":1675}},"16":{"start":{"line":67,"column":8},"end":{"line":67,"column":33}},"17":{"start":{"line":68,"column":8},"end":{"line":68,"column":31}},"18":{"start":{"line":69,"column":8},"end":{"line":69,"column":45}},"19":{"start":{"line":70,"column":8},"end":{"line":70,"column":46}},"20":{"start":{"line":71,"column":8},"end":{"line":71,"column":19}}},"branchMap":{"1":{"line":35,"type":"if","locations":[{"start":{"line":35,"column":8},"end":{"line":35,"column":8}},{"start":{"line":35,"column":8},"end":{"line":35,"column":8}}]},"2":{"line":59,"type":"if","locations":[{"start":{"line":59,"column":8},"end":{"line":59,"column":8}},{"start":{"line":59,"column":8},"end":{"line":59,"column":8}}]},"3":{"line":63,"type":"if","locations":[{"start":{"line":63,"column":8},"end":{"line":63,"column":8}},{"start":{"line":63,"column":8},"end":{"line":63,"column":8}}]}}}}
