TN:
SF:C:\Users\germa\Documents\Respositories\blockchain\smart-contract\GkCoin\contracts\GkToken.sol
FN:23,constructor
FN:31,transfer
FN:45,approve
FN:54,transferFrom
FNF:4
FNH:4
FNDA:3,constructor
FNDA:3,transfer
FNDA:5,approve
FNDA:5,transferFrom
DA:24,3
DA:25,3
DA:26,3
DA:27,3
DA:28,3
DA:35,3
DA:39,2
DA:40,2
DA:41,2
DA:42,2
DA:49,5
DA:50,5
DA:51,5
DA:59,5
DA:63,5
DA:67,3
DA:68,3
DA:69,3
DA:70,3
DA:71,3
LF:20
LH:20
BRDA:35,1,0,2
BRDA:35,1,1,1
BRDA:59,2,0,5
BRDA:59,2,1,0
BRDA:63,3,0,3
BRDA:63,3,1,2
BRF:6
BRH:5
end_of_record
